Add-in Express Registrator Log File: 08/25/2015 17:09:29

Installation directory: C:\Program Files (x86)\WinZip\
Registrator version: 7.2.4055.0
Operating System: Microsoft  (build 9200), 64-bit
Process Owner: System
Command Line: "C:\Program Files (x86)\WinZip\adxregistrator.exe" /install="C:\Program Files (x86)\WinZip\WinZipExpressForOffice.dll" /privileges=admin
Run 'As Administrator': Yes
Process Elevated: Yes
Integrity Level: System
UAC (User Account Control): On
--------------------------------------------------------------
17:09:29 0320 Starting the add-in registration process.
17:09:29 0320 Loading mscoree.dll
17:09:29 0320 Success.
17:09:29 0320 .NET Framework installation directory: 
17:09:29 0320 The latest version of .NET Framework: 'v4.0.30319'
17:09:29 0320 Loading CLR: v4.0.30319.
17:09:29 0320 Calling CLRCreateInstance method.
17:09:29 0320 Success.
17:09:29 0320 Calling GetRuntime method.
17:09:29 0320 Success.
17:09:29 0320 Checking if the hosting API of .NET Framework v4.0 beta is installed.
17:09:29 0320 The hosting API is up to date.
17:09:29 0320 Calling GetInterface method for the CorRuntimeHost interface.
17:09:29 0320 Success.
17:09:29 0320 Starting CLR...
17:09:29 0320 Success.
17:09:29 0320 Getting the CLR version.
17:09:29 0320 The CLR v4.0.30319 has been initialized successfully.
17:09:29 0320 Creating a new domain setup.
17:09:30 0320 Success.
17:09:30 0320 The 'shadow copy' is disabled.
17:09:30 0320 Creating a new application domain.
17:09:30 0320 Success.
17:09:30 0320 Getting the base directory for the domain.
17:09:30 0320 Success. The directory is 'C:\Program Files (x86)\WinZip\'.
17:09:30 0320 Searching for the Add-in Express core library.
17:09:30 0320 Success. The 'AddinExpress.MSO.2005.dll' file is found.
17:09:30 0320 Creating an instance of the 'AddinExpress.Deployment.ADXRegistrator' class.
17:09:30 0320 Assembly identity is 'AddinExpress.MSO.2005'.
17:09:30 0320 Success.
17:09:30 0320 Unwrapping the instance of the 'AddinExpress.Deployment.ADXRegistrator' class.
17:09:30 0320 Success.
17:09:30 0320 Calling the managed registration procedure.
17:09:30 0780 Connecting to the application domain of the Add-in Express loader.
17:09:30 0780 Success.
17:09:30 0780 Loading the 'winzipexpressforoffice.dll' assembly.
17:09:30 0780 Success.
17:09:30 0780 Registering the 'winzipexpressforoffice.dll' assembly (administrator).
17:09:30 0780 The ' winzipexpressforoffice.dll' assembly has been registered successfully.
17:09:30 0320 Success.
17:09:30 0320 The add-in registration process is completed with HRESULT = 0.
